<?xml version="1.0" encoding="UTF-8"?>
<!-- Generated by org.testng.reporters.JUnitReportReporter -->
<testsuite hostname="SUMANTA" name="com.emaimail.EmailTest" tests="1" failures="0" timestamp="3 Mar 2016 19:46:58 GMT" time="0.125" errors="0">
  <testcase name="f" time="0.125" classname="com.emaimail.EmailTest"/>
</testsuite> <!-- com.emaimail.EmailTest -->
